<?xml version="1.0" encoding="UTF-8"?>
<!-- Generated by org.testng.reporters.JUnitReportReporter -->
<testsuite hostname="DESKTOP-0KPU9T5" failures="0" tests="1" name="com.lambdatest.TestNGTodo1" time="11.733" errors="0" timestamp="2024-09-26T16:52:13 IST" skipped="0">
  <testcase classname="com.lambdatest.TestNGTodo1" name="basicTest" time="11.733"/>
  <system-out/>
</testsuite> <!-- com.lambdatest.TestNGTodo1 -->
